#
# A fatal error has been detected by the Java Runtime Environment:
#
#  EXCEPTION_ACCESS_VIOLATION (0xc0000005) at pc=0x00007ffdba69c1a7, pid=220576, tid=0x000000000003dff8
#
# JRE version: Java(TM) SE Runtime Environment (8.0_191-b12) (build 1.8.0_191-b12)
# Java VM: Java HotSpot(TM) 64-Bit Server VM (25.191-b12 mixed mode windows-amd64 compressed oops)
# Problematic frame:
# C  [ntdll.dll+0x1c1a7]
#
# Failed to write core dump. Minidumps are not enabled by default on client versions of Windows
#
# If you would like to submit a bug report, please visit:
#   http://bugreport.java.com/bugreport/crash.jsp
# The crash happened outside the Java Virtual Machine in native code.
# See problematic frame for where to report the bug.
#

---------------  T H R E A D  ---------------

Current thread (0x0000000019c23000):  JavaThread "LWJGL Application" [_thread_in_native, id=253944, stack(0x000000001a940000,0x000000001aa40000)]

siginfo: ExceptionCode=0xc0000005, reading address 0x00000000feffffff

Registers:
RAX=0x00000000006e0016, RBX=0x00000000010a0000, RCX=0x0000000000001678, RDX=0x0000000000000016
RSP=0x000000001aa3ddf0, RBP=0x0000000000000000, RSI=0x000000001a661580, RDI=0x000000000000037f
R8 =0x00000000feffffff, R9 =0x000000000000001b, R10=0x000000000000000c, R11=0x00007ffdba798b40
R12=0x00000000010a0150, R13=0x0000000043480000, R14=0x000000001a661570, R15=0x00000000010a2470
RIP=0x00007ffdba69c1a7, EFLAGS=0x0000000000010212

Top of Stack: (sp=0x000000001aa3ddf0)
0x000000001aa3ddf0:   00000000d643ac88 0000000000000005
0x000000001aa3de00:   00000000ffffffff 0000000002ecf47c
0x000000001aa3de10:   000000c5d6fd8436 00000000d802cf58
0x000000001aa3de20:   0000000100000001 0000000000000000
0x000000001aa3de30:   000000281746e088 0000000000000000
0x000000001aa3de40:   0000000000000000 000000000000024e
0x000000001aa3de50:   0000000000000001 00000000feffffff
0x000000001aa3de60:   00000000027c0cc0 000000000000037f
0x000000001aa3de70:   0000000000000020 0000000040000000
0x000000001aa3de80:   000000001a661570 0000000000000020
0x000000001aa3de90:   0000000000000010 000000000000024e
0x000000001aa3dea0:   0000000017659968 0000000000000002
0x000000001aa3deb0:   00000000d643aaa8 00000000d80187a0
0x000000001aa3dec0:   00000000d643aa50 00007ffd00000000
0x000000001aa3ded0:   00000000d643aaa8 0000000019cf47f0
0x000000001aa3dee0:   00000000010a2514 000123cc6aeef5ff 

Instructions: (pc=0x00007ffdba69c1a7)
0x00007ffdba69c187:   0f b7 4e 08 0f b7 d1 66 c1 ea 08 49 3b cd 0f 82
0x00007ffdba69c197:   ef 17 00 00 4c 8b 2e 4d 8b 46 18 4c 89 44 24 68
0x00007ffdba69c1a7:   49 8b 00 4d 8b 4d 08 49 3b c1 0f 85 b0 17 00 00
0x00007ffdba69c1b7:   48 3b c6 0f 85 a7 17 00 00 48 29 8b c0 00 00 00 


Register to memory mapping:

RAX=0x00000000006e0016 is an unknown value
RBX=0x00000000010a0000 is an unknown value
RCX=0x0000000000001678 is an unknown value
RDX=0x0000000000000016 is an unknown value
RSP=0x000000001aa3ddf0 is pointing into the stack for thread: 0x0000000019c23000
RBP=0x0000000000000000 is an unknown value
RSI=0x000000001a661580 is an unknown value
RDI=0x000000000000037f is an unknown value
R8 =0x00000000feffffff is an unallocated location in the heap
R9 =0x000000000000001b is an unknown value
R10=0x000000000000000c is an unknown value
R11=0x00007ffdba798b40 is an unknown value
R12=0x00000000010a0150 is an unknown value
R13=0x0000000043480000 is an unknown value
R14=0x000000001a661570 is an unknown value
R15=0x00000000010a2470 is an unknown value


Stack: [0x000000001a940000,0x000000001aa40000],  sp=0x000000001aa3ddf0,  free space=1015k
Native frames: (J=compiled Java code, j=interpreted, Vv=VM code, C=native code)

Java frames: (J=compiled Java code, j=interpreted, Vv=VM code)
j  com.badlogic.gdx.graphics.g2d.Gdx2DPixmap.load([J[BII)Ljava/nio/ByteBuffer;+0
j  com.badlogic.gdx.graphics.g2d.Gdx2DPixmap.<init>([BIII)V+19
j  com.badlogic.gdx.graphics.Pixmap.<init>(Lcom/badlogic/gdx/files/FileHandle;)V+38
j  com.badlogic.gdx.graphics.TextureData$Factory.loadFromFile(Lcom/badlogic/gdx/files/FileHandle;Lcom/badlogic/gdx/graphics/Pixmap$Format;Z)Lcom/badlogic/gdx/graphics/TextureData;+99
j  com.badlogic.gdx.graphics.Texture.<init>(Lcom/badlogic/gdx/files/FileHandle;Lcom/badlogic/gdx/graphics/Pixmap$Format;Z)V+4
j  com.badlogic.gdx.graphics.Texture.<init>(Lcom/badlogic/gdx/files/FileHandle;)V+4
j  com.badlogic.gdx.graphics.Texture.<init>(Ljava/lang/String;)V+10
j  com.mygdx.game.Bullet.<init>(IFF)V+26
j  com.mygdx.game.Alien.shoot()Lcom/mygdx/game/Bullet;+47
j  com.mygdx.game.GameScreen.render(F)V+625
j  com.badlogic.gdx.Game.render()V+19
j  com.mygdx.game.SpaceInvaders.render()V+1
j  com.badlogic.gdx.backends.lwjgl.LwjglApplication.mainLoop()V+698
j  com.badlogic.gdx.backends.lwjgl.LwjglApplication$1.run()V+27
v  ~StubRoutines::call_stub

---------------  P R O C E S S  ---------------

Java Threads: ( => current thread )
  0x0000000019d90800 JavaThread "LWJGL Timer" daemon [_thread_blocked, id=253532, stack(0x0000000022220000,0x0000000022320000)]
  0x0000000002c24800 JavaThread "DestroyJavaVM" [_thread_blocked, id=252072, stack(0x0000000002950000,0x0000000002a50000)]
=>0x0000000019c23000 JavaThread "LWJGL Application" [_thread_in_native, id=253944, stack(0x000000001a940000,0x000000001aa40000)]
  0x0000000018fc0800 JavaThread "Service Thread" daemon [_thread_blocked, id=253876, stack(0x0000000019650000,0x0000000019750000)]
  0x0000000018f23800 JavaThread "C1 CompilerThread2" daemon [_thread_blocked, id=253820, stack(0x0000000019550000,0x0000000019650000)]
  0x0000000018f21800 JavaThread "C2 CompilerThread1" daemon [_thread_blocked, id=253804, stack(0x0000000019450000,0x0000000019550000)]
  0x0000000018f19800 JavaThread "C2 CompilerThread0" daemon [_thread_blocked, id=253792, stack(0x0000000019350000,0x0000000019450000)]
  0x000000001786e800 JavaThread "Monitor Ctrl-Break" daemon [_thread_in_native, id=253796, stack(0x0000000019250000,0x0000000019350000)]
  0x000000001781b000 JavaThread "Attach Listener" daemon [_thread_blocked, id=253800, stack(0x0000000018d50000,0x0000000018e50000)]
  0x0000000017819800 JavaThread "Signal Dispatcher" daemon [_thread_blocked, id=253808, stack(0x0000000018c50000,0x0000000018d50000)]
  0x00000000177ff000 JavaThread "Finalizer" daemon [_thread_blocked, id=251764, stack(0x0000000018a60000,0x0000000018b60000)]
  0x0000000002d14000 JavaThread "Reference Handler" daemon [_thread_blocked, id=248208, stack(0x0000000018960000,0x0000000018a60000)]

Other Threads:
  0x00000000177d8000 VMThread [stack: 0x0000000018860000,0x0000000018960000] [id=239796]
  0x0000000018fec000 WatcherThread [stack: 0x0000000019750000,0x0000000019850000] [id=253828]

VM state:not at safepoint (normal execution)

VM Mutex/Monitor currently owned by a thread: None

Heap:
 PSYoungGen      total 37888K, used 9114K [0x00000000d6000000, 0x00000000d8a00000, 0x0000000100000000)
  eden space 32768K, 14% used [0x00000000d6000000,0x00000000d64b1fc0,0x00000000d8000000)
  from space 5120K, 84% used [0x00000000d8000000,0x00000000d8434af0,0x00000000d8500000)
  to   space 5120K, 0% used [0x00000000d8500000,0x00000000d8500000,0x00000000d8a00000)
 ParOldGen       total 86016K, used 40K [0x0000000082000000, 0x0000000087400000, 0x00000000d6000000)
  object space 86016K, 0% used [0x0000000082000000,0x000000008200a010,0x0000000087400000)
 Metaspace       used 8945K, capacity 9135K, committed 9472K, reserved 1058816K
  class space    used 859K, capacity 924K, committed 1024K, reserved 1048576K

Card table byte_map: [0x00000000120e0000,0x00000000124e0000] byte_map_base: 0x0000000011cd0000

Marking Bits: (ParMarkBitMap*) 0x0000000055593e30
 Begin Bits: [0x0000000012b80000, 0x0000000014b00000)
 End Bits:   [0x0000000014b00000, 0x0000000016a80000)

Polling page: 0x0000000001090000

CodeCache: size=245760Kb used=4615Kb max_used=4618Kb free=241144Kb
 bounds [0x0000000002d20000, 0x00000000031b0000, 0x0000000011d20000]
 total_blobs=1614 nmethods=1135 adapters=392
 compilation: enabled

Compilation events (10 events):
Event: 14.437 Thread 0x0000000018f23800 1131       3       com.badlogic.gdx.graphics.g2d.Sprite::translateX (54 bytes)
Event: 14.438 Thread 0x0000000018f23800 nmethod 1131 0x00000000031a1d50 code [0x00000000031a1ec0, 0x00000000031a2110]
Event: 14.506 Thread 0x0000000018f21800 1132       4       com.badlogic.gdx.graphics.g2d.BitmapFont$BitmapFontData::getGlyphs (269 bytes)
Event: 14.506 Thread 0x0000000018f19800 1133       4       com.badlogic.gdx.graphics.glutils.ShaderProgram::fetchAttributeLocation (44 bytes)
Event: 14.511 Thread 0x0000000018f19800 nmethod 1133 0x00000000031a0010 code [0x00000000031a0160, 0x00000000031a0538]
Event: 14.515 Thread 0x0000000018f21800 nmethod 1132 0x00000000031a4110 code [0x00000000031a42e0, 0x00000000031a4f48]
Event: 14.689 Thread 0x0000000018f23800 1134       3       java.lang.Integer::stringSize (21 bytes)
Event: 14.689 Thread 0x0000000018f23800 nmethod 1134 0x000000000319fb90 code [0x000000000319fd00, 0x000000000319ff10]
Event: 14.689 Thread 0x0000000018f23800 1135       3       java.lang.Integer::getChars (131 bytes)
Event: 14.690 Thread 0x0000000018f23800 nmethod 1135 0x00000000031a1310 code [0x00000000031a14a0, 0x00000000031a1910]

GC Heap History (2 events):
Event: 14.224 GC heap before
{Heap before GC invocations=1 (full 0):
 PSYoungGen      total 37888K, used 32768K [0x00000000d6000000, 0x00000000d8a00000, 0x0000000100000000)
  eden space 32768K, 100% used [0x00000000d6000000,0x00000000d8000000,0x00000000d8000000)
  from space 5120K, 0% used [0x00000000d8500000,0x00000000d8500000,0x00000000d8a00000)
  to   space 5120K, 0% used [0x00000000d8000000,0x00000000d8000000,0x00000000d8500000)
 ParOldGen       total 86016K, used 0K [0x0000000082000000, 0x0000000087400000, 0x00000000d6000000)
  object space 86016K, 0% used [0x0000000082000000,0x0000000082000000,0x0000000087400000)
 Metaspace       used 8913K, capacity 9071K, committed 9216K, reserved 1056768K
  class space    used 857K, capacity 924K, committed 1024K, reserved 1048576K
Event: 14.229 GC heap after
Heap after GC invocations=1 (full 0):
 PSYoungGen      total 37888K, used 4306K [0x00000000d6000000, 0x00000000d8a00000, 0x0000000100000000)
  eden space 32768K, 0% used [0x00000000d6000000,0x00000000d6000000,0x00000000d8000000)
  from space 5120K, 84% used [0x00000000d8000000,0x00000000d8434af0,0x00000000d8500000)
  to   space 5120K, 0% used [0x00000000d8500000,0x00000000d8500000,0x00000000d8a00000)
 ParOldGen       total 86016K, used 40K [0x0000000082000000, 0x0000000087400000, 0x00000000d6000000)
  object space 86016K, 0% used [0x0000000082000000,0x000000008200a010,0x0000000087400000)
 Metaspace       used 8913K, capacity 9071K, committed 9216K, reserved 1056768K
  class space    used 857K, capacity 924K, committed 1024K, reserved 1048576K
}

Deoptimization events (10 events):
Event: 3.406 Thread 0x0000000019c23000 Uncommon trap: reason=predicate action=maybe_recompile pc=0x0000000003068ecc method=javazoom.jl.decoder.LayerIIIDecoder.dequantize_sample([[FII)V @ 381
Event: 6.973 Thread 0x0000000019c23000 Uncommon trap: reason=unstable_if action=reinterpret pc=0x0000000003043534 method=javazoom.jl.decoder.huffcodetab.huffman_decoder(Ljavazoom/jl/decoder/huffcodetab;[I[I[I[ILjavazoom/jl/decoder/BitReserve;)I @ 27
Event: 7.177 Thread 0x0000000019c23000 Uncommon trap: reason=unstable_if action=reinterpret pc=0x000000000306faf8 method=javazoom.jl.decoder.LayerIIIDecoder.stereo(I)V @ 144
Event: 7.177 Thread 0x0000000019c23000 Uncommon trap: reason=predicate action=maybe_recompile pc=0x000000000305fd38 method=javazoom.jl.decoder.LayerIIIDecoder.stereo(I)V @ 1892
Event: 14.161 Thread 0x0000000019c23000 Uncommon trap: reason=class_check action=maybe_recompile pc=0x000000000316d18c method=com.badlogic.gdx.utils.ObjectMap.get(Ljava/lang/Object;)Ljava/lang/Object; @ 1
Event: 14.176 Thread 0x0000000019c23000 Uncommon trap: reason=class_check action=maybe_recompile pc=0x000000000316d18c method=com.badlogic.gdx.utils.ObjectMap.get(Ljava/lang/Object;)Ljava/lang/Object; @ 1
Event: 14.181 Thread 0x0000000019c23000 Uncommon trap: reason=class_check action=maybe_recompile pc=0x000000000316d18c method=com.badlogic.gdx.utils.ObjectMap.get(Ljava/lang/Object;)Ljava/lang/Object; @ 1
Event: 14.184 Thread 0x0000000019c23000 Uncommon trap: reason=class_check action=maybe_recompile pc=0x000000000316d18c method=com.badlogic.gdx.utils.ObjectMap.get(Ljava/lang/Object;)Ljava/lang/Object; @ 1
Event: 14.282 Thread 0x0000000019c23000 Uncommon trap: reason=array_check action=maybe_recompile pc=0x000000000308140c method=com.badlogic.gdx.utils.Array.add(Ljava/lang/Object;)V @ 46
Event: 14.307 Thread 0x0000000019c23000 Uncommon trap: reason=unstable_if action=reinterpret pc=0x000000000312f618 method=com.badlogic.gdx.utils.Pool.obtain()Ljava/lang/Object; @ 7

Classes redefined (0 events):
No events

Internal exceptions (10 events):
Event: 0.252 Thread 0x0000000002c24800 Exception <a 'java/security/PrivilegedActionException'> (0x00000000d6453050) thrown at [C:\re\workspace\8-2-build-windows-amd64-cygwin\jdk8u191\11896\hotspot\src\share\vm\prims\jvm.cpp, line 1435]
Event: 0.252 Thread 0x0000000002c24800 Exception <a 'java/security/PrivilegedActionException'> (0x00000000d6453260) thrown at [C:\re\workspace\8-2-build-windows-amd64-cygwin\jdk8u191\11896\hotspot\src\share\vm\prims\jvm.cpp, line 1435]
Event: 0.658 Thread 0x0000000002c24800 Exception <a 'java/security/PrivilegedActionException'> (0x00000000d66125c8) thrown at [C:\re\workspace\8-2-build-windows-amd64-cygwin\jdk8u191\11896\hotspot\src\share\vm\prims\jvm.cpp, line 1435]
Event: 0.658 Thread 0x0000000002c24800 Exception <a 'java/security/PrivilegedActionException'> (0x00000000d66142a0) thrown at [C:\re\workspace\8-2-build-windows-amd64-cygwin\jdk8u191\11896\hotspot\src\share\vm\prims\jvm.cpp, line 1435]
Event: 0.658 Thread 0x0000000002c24800 Exception <a 'java/security/PrivilegedActionException'> (0x00000000d6615410) thrown at [C:\re\workspace\8-2-build-windows-amd64-cygwin\jdk8u191\11896\hotspot\src\share\vm\prims\jvm.cpp, line 1435]
Event: 0.658 Thread 0x0000000002c24800 Exception <a 'java/security/PrivilegedActionException'> (0x00000000d661a950) thrown at [C:\re\workspace\8-2-build-windows-amd64-cygwin\jdk8u191\11896\hotspot\src\share\vm\prims\jvm.cpp, line 1435]
Event: 0.658 Thread 0x0000000002c24800 Exception <a 'java/security/PrivilegedActionException'> (0x00000000d661b5a8) thrown at [C:\re\workspace\8-2-build-windows-amd64-cygwin\jdk8u191\11896\hotspot\src\share\vm\prims\jvm.cpp, line 1435]
Event: 0.658 Thread 0x0000000002c24800 Exception <a 'java/security/PrivilegedActionException'> (0x00000000d661c1d0) thrown at [C:\re\workspace\8-2-build-windows-amd64-cygwin\jdk8u191\11896\hotspot\src\share\vm\prims\jvm.cpp, line 1435]
Event: 1.619 Thread 0x0000000019c23000 Exception <a 'java/lang/NoSuchFieldError': method resolution failed> (0x00000000d796cac0) thrown at [C:\re\workspace\8-2-build-windows-amd64-cygwin\jdk8u191\11896\hotspot\src\share\vm\prims\methodHandles.cpp, line 1167]
Event: 1.622 Thread 0x0000000019c23000 Exception <a 'java/lang/NoSuchFieldError': method resolution failed> (0x00000000d797aa20) thrown at [C:\re\workspace\8-2-build-windows-amd64-cygwin\jdk8u191\11896\hotspot\src\share\vm\prims\methodHandles.cpp, line 1167]

Events (10 events):
Event: 14.282 Thread 0x0000000019c23000 DEOPT UNPACKING pc=0x0000000002d6583b sp=0x000000001aa3ed10 mode 2
Event: 14.305 Thread 0x0000000019c23000 DEOPT PACKING pc=0x000000000316331c sp=0x000000001aa3f060
Event: 14.305 Thread 0x0000000019c23000 DEOPT UNPACKING pc=0x0000000002d67890 sp=0x000000001aa3ed48 mode 0
Event: 14.307 loading class java/lang/Math$RandomNumberGeneratorHolder
Event: 14.307 loading class java/lang/Math$RandomNumberGeneratorHolder done
Event: 14.307 Thread 0x0000000019c23000 Uncommon trap: trap_request=0xffffff65 fr.pc=0x000000000312f618
Event: 14.307 Thread 0x0000000019c23000 DEOPT PACKING pc=0x000000000312f618 sp=0x000000001aa3ecb0
Event: 14.307 Thread 0x0000000019c23000 DEOPT UNPACKING pc=0x0000000002d6583b sp=0x000000001aa3ebb8 mode 2
Event: 14.737 loading class com/mygdx/game/Bullet
Event: 14.737 loading class com/mygdx/game/Bullet done


Dynamic libraries:
0x00007ff6887f0000 - 0x00007ff688827000 	C:\Program Files\Java\jdk1.8.0_191\bin\java.exe
0x00007ffdba680000 - 0x00007ffdba861000 	C:\WINDOWS\SYSTEM32\ntdll.dll
0x00007ffdb83e0000 - 0x00007ffdb8492000 	C:\WINDOWS\System32\KERNEL32.DLL
0x00007ffdb76d0000 - 0x00007ffdb7943000 	C:\WINDOWS\System32\KERNELBASE.dll
0x00007ffdb7cf0000 - 0x00007ffdb7d91000 	C:\WINDOWS\System32\ADVAPI32.dll
0x00007ffdb86c0000 - 0x00007ffdb875e000 	C:\WINDOWS\System32\msvcrt.dll
0x00007ffdb8050000 - 0x00007ffdb80ab000 	C:\WINDOWS\System32\sechost.dll
0x00007ffdb7b10000 - 0x00007ffdb7c34000 	C:\WINDOWS\System32\RPCRT4.dll
0x00007ffdba1b0000 - 0x00007ffdba340000 	C:\WINDOWS\System32\USER32.dll
0x00007ffdb7a50000 - 0x00007ffdb7a70000 	C:\WINDOWS\System32\win32u.dll
0x00007ffdb8690000 - 0x00007ffdb86b8000 	C:\WINDOWS\System32\GDI32.dll
0x00007ffdb7160000 - 0x00007ffdb72f2000 	C:\WINDOWS\System32\gdi32full.dll
0x00007ffdb7a70000 - 0x00007ffdb7b0f000 	C:\WINDOWS\System32\msvcp_win.dll
0x00007ffdb7950000 - 0x00007ffdb7a4a000 	C:\WINDOWS\System32\ucrtbase.dll
0x00007ffd9fdf0000 - 0x00007ffda0059000 	C:\WINDOWS\WinSxS\amd64_microsoft.windows.common-controls_6595b64144ccf1df_6.0.17134.523_none_fb409dd930672a56\COMCTL32.dll
0x00007ffdb80b0000 - 0x00007ffdb83d2000 	C:\WINDOWS\System32\combase.dll
0x00007ffdb7650000 - 0x00007ffdb76ca000 	C:\WINDOWS\System32\bcryptPrimitives.dll
0x00007ffdb8660000 - 0x00007ffdb868d000 	C:\WINDOWS\System32\IMM32.DLL
0x0000000056030000 - 0x0000000056102000 	C:\Program Files\Java\jdk1.8.0_191\jre\bin\msvcr100.dll
0x0000000054d70000 - 0x0000000055614000 	C:\Program Files\Java\jdk1.8.0_191\jre\bin\server\jvm.dll
0x00007ffdb88a0000 - 0x00007ffdb88a8000 	C:\WINDOWS\System32\PSAPI.DLL
0x00007ffdb3000000 - 0x00007ffdb3009000 	C:\WINDOWS\SYSTEM32\WSOCK32.dll
0x00007ffdacc40000 - 0x00007ffdacc4a000 	C:\WINDOWS\SYSTEM32\VERSION.dll
0x00007ffdb2fa0000 - 0x00007ffdb2fc3000 	C:\WINDOWS\SYSTEM32\WINMM.dll
0x00007ffdba140000 - 0x00007ffdba1ac000 	C:\WINDOWS\System32\WS2_32.dll
0x00007ffdb2f70000 - 0x00007ffdb2f9a000 	C:\WINDOWS\SYSTEM32\WINMMBASE.dll
0x00007ffdb7300000 - 0x00007ffdb7349000 	C:\WINDOWS\System32\cfgmgr32.dll
0x0000000057f30000 - 0x0000000057f3f000 	C:\Program Files\Java\jdk1.8.0_191\jre\bin\verify.dll
0x0000000057f00000 - 0x0000000057f29000 	C:\Program Files\Java\jdk1.8.0_191\jre\bin\java.dll
0x0000000057ed0000 - 0x0000000057ef3000 	C:\Program Files\Java\jdk1.8.0_191\jre\bin\instrument.dll
0x0000000057eb0000 - 0x0000000057ec6000 	C:\Program Files\Java\jdk1.8.0_191\jre\bin\zip.dll
0x00007ffdb88b0000 - 0x00007ffdb9cf0000 	C:\WINDOWS\System32\SHELL32.dll
0x00007ffdb7e00000 - 0x00007ffdb7ea9000 	C:\WINDOWS\System32\shcore.dll
0x00007ffdb6a50000 - 0x00007ffdb715d000 	C:\WINDOWS\System32\windows.storage.dll
0x00007ffdb7da0000 - 0x00007ffdb7df1000 	C:\WINDOWS\System32\shlwapi.dll
0x00007ffdb6a10000 - 0x00007ffdb6a21000 	C:\WINDOWS\System32\kernel.appcore.dll
0x00007ffdb69f0000 - 0x00007ffdb6a0f000 	C:\WINDOWS\System32\profapi.dll
0x00007ffdb6990000 - 0x00007ffdb69dc000 	C:\WINDOWS\System32\powrprof.dll
0x00007ffdb69e0000 - 0x00007ffdb69ea000 	C:\WINDOWS\System32\FLTLIB.DLL
0x00007ffd98920000 - 0x00007ffd9893a000 	C:\Users\behni\AppData\Roaming\JetBrains\IntelliJ IDEA 2018.1.5\bin\breakgen64.dll
0x0000000056010000 - 0x000000005602a000 	C:\Program Files\Java\jdk1.8.0_191\jre\bin\net.dll
0x00007ffdb6210000 - 0x00007ffdb6276000 	C:\WINDOWS\system32\mswsock.dll
0x0000000065580000 - 0x0000000065616000 	C:\Users\behni\AppData\Local\Temp\libgdxbehni\12dfaa03\gdx64.dll
0x00007ffdb63c0000 - 0x00007ffdb63d7000 	C:\WINDOWS\SYSTEM32\CRYPTSP.dll
0x00007ffdb5df0000 - 0x00007ffdb5e23000 	C:\WINDOWS\system32\rsaenh.dll
0x00007ffdb64f0000 - 0x00007ffdb6515000 	C:\WINDOWS\SYSTEM32\bcrypt.dll
0x00007ffdb6890000 - 0x00007ffdb68b8000 	C:\WINDOWS\SYSTEM32\USERENV.dll
0x00007ffdb63e0000 - 0x00007ffdb63eb000 	C:\WINDOWS\SYSTEM32\CRYPTBASE.dll
0x00007ffdb5f90000 - 0x00007ffdb5fc8000 	C:\WINDOWS\SYSTEM32\IPHLPAPI.DLL
0x00007ffdba4a0000 - 0x00007ffdba4a8000 	C:\WINDOWS\System32\NSI.dll
0x00007ffdadba0000 - 0x00007ffdadbb6000 	C:\WINDOWS\SYSTEM32\dhcpcsvc6.DLL
0x00007ffdadb50000 - 0x00007ffdadb6a000 	C:\WINDOWS\SYSTEM32\dhcpcsvc.DLL
0x0000000055ff0000 - 0x0000000056001000 	C:\Program Files\Java\jdk1.8.0_191\jre\bin\nio.dll
0x0000000180000000 - 0x0000000180053000 	C:\Users\behni\AppData\Local\Temp\libgdxbehni\dc0f0009\lwjgl64.dll
0x00007ffd9fae0000 - 0x00007ffd9fc00000 	C:\WINDOWS\SYSTEM32\OPENGL32.dll
0x00007ffda03a0000 - 0x00007ffda03cc000 	C:\WINDOWS\SYSTEM32\GLU32.dll
0x00000000028a0000 - 0x0000000002904000 	C:\Users\behni\AppData\Local\Temp\libgdxbehni\dc0f0009\OpenAL64.dll
0x00007ffdba340000 - 0x00007ffdba491000 	C:\WINDOWS\System32\ole32.dll
0x00007ffdb4e00000 - 0x00007ffdb4e98000 	C:\WINDOWS\system32\uxtheme.dll
0x00007ffdb7c40000 - 0x00007ffdb7ce0000 	C:\WINDOWS\System32\clbcatq.dll
0x00007ffdb2770000 - 0x00007ffdb2924000 	C:\WINDOWS\System32\PROPSYS.dll
0x00007ffdb8590000 - 0x00007ffdb8652000 	C:\WINDOWS\System32\OLEAUT32.dll
0x00007ffd866a0000 - 0x00007ffd8672f000 	C:\WINDOWS\SYSTEM32\dsound.dll
0x00007ffdaf010000 - 0x00007ffdaf086000 	C:\WINDOWS\System32\MMDevApi.dll
0x00007ffdb67a0000 - 0x00007ffdb67c7000 	C:\WINDOWS\System32\DEVOBJ.dll
0x00007ffd9f830000 - 0x00007ffd9f95c000 	C:\WINDOWS\SYSTEM32\AUDIOSES.DLL
0x00007ffdb3090000 - 0x00007ffdb31dd000 	C:\WINDOWS\SYSTEM32\wintypes.dll
0x00007ffdb25d0000 - 0x00007ffdb25da000 	C:\WINDOWS\SYSTEM32\AVRT.dll
0x00007ffdb7ed0000 - 0x00007ffdb8043000 	C:\WINDOWS\System32\MSCTF.dll
0x00007ffdb50e0000 - 0x00007ffdb5109000 	C:\WINDOWS\system32\dwmapi.dll
0x00007ffda14c0000 - 0x00007ffda1556000 	C:\WINDOWS\System32\TextInputFramework.dll
0x00007ffdb4790000 - 0x00007ffdb486a000 	C:\WINDOWS\System32\CoreMessaging.dll
0x00007ffdb17a0000 - 0x00007ffdb1abe000 	C:\WINDOWS\System32\CoreUIComponents.dll
0x00007ffdb5a60000 - 0x00007ffdb5a91000 	C:\WINDOWS\SYSTEM32\ntmarta.dll
0x00007ffd623e0000 - 0x00007ffd63129000 	C:\WINDOWS\System32\DriverStore\FileRepository\igdlh64.inf_amd64_82119d956c80af5a\ig9icd64.dll
0x00007ffdb2930000 - 0x00007ffdb2943000 	C:\WINDOWS\SYSTEM32\WTSAPI32.dll
0x00007ffda2ce0000 - 0x00007ffda2d88000 	C:\WINDOWS\SYSTEM32\mscms.dll
0x00007ffd97b90000 - 0x00007ffd97ba0000 	C:\WINDOWS\SYSTEM32\ColorAdapterClient.dll
0x00007ffd862b0000 - 0x00007ffd862f3000 	C:\WINDOWS\SYSTEM32\icm32.dll
0x00007ffdadcc0000 - 0x00007ffdaee1c000 	C:\WINDOWS\System32\DriverStore\FileRepository\igdlh64.inf_amd64_82119d956c80af5a\igc64.dll
0x00007ffdb5730000 - 0x00007ffdb57eb000 	C:\WINDOWS\SYSTEM32\dxgi.dll
0x00007ffdb3d10000 - 0x00007ffdb401b000 	C:\WINDOWS\SYSTEM32\d3d11.dll
0x00007ffdaf870000 - 0x00007ffdb0d1b000 	C:\WINDOWS\System32\DriverStore\FileRepository\igdlh64.inf_amd64_82119d956c80af5a\igd10iumd64.dll
0x00007ffdb64c0000 - 0x00007ffdb64e6000 	C:\WINDOWS\SYSTEM32\ncrypt.dll
0x00007ffdb6480000 - 0x00007ffdb64b6000 	C:\WINDOWS\SYSTEM32\NTASN1.dll
0x00007ffd9eaa0000 - 0x00007ffd9ec69000 	C:\WINDOWS\SYSTEM32\dbghelp.dll

VM Arguments:
jvm_args: -javaagent:C:\Users\behni\AppData\Roaming\JetBrains\IntelliJ IDEA 2018.1.5\lib\idea_rt.jar=58710:C:\Users\behni\AppData\Roaming\JetBrains\IntelliJ IDEA 2018.1.5\bin -Dfile.encoding=UTF-8 
java_command: com.mygdx.game.desktop.DesktopLauncher
java_class_path (initial): C:\Program Files\Java\jdk1.8.0_191\jre\lib\charsets.jar;C:\Program Files\Java\jdk1.8.0_191\jre\lib\deploy.jar;C:\Program Files\Java\jdk1.8.0_191\jre\lib\ext\access-bridge-64.jar;C:\Program Files\Java\jdk1.8.0_191\jre\lib\ext\cldrdata.jar;C:\Program Files\Java\jdk1.8.0_191\jre\lib\ext\dnsns.jar;C:\Program Files\Java\jdk1.8.0_191\jre\lib\ext\jaccess.jar;C:\Program Files\Java\jdk1.8.0_191\jre\lib\ext\jfxrt.jar;C:\Program Files\Java\jdk1.8.0_191\jre\lib\ext\localedata.jar;C:\Program Files\Java\jdk1.8.0_191\jre\lib\ext\nashorn.jar;C:\Program Files\Java\jdk1.8.0_191\jre\lib\ext\sunec.jar;C:\Program Files\Java\jdk1.8.0_191\jre\lib\ext\sunjce_provider.jar;C:\Program Files\Java\jdk1.8.0_191\jre\lib\ext\sunmscapi.jar;C:\Program Files\Java\jdk1.8.0_191\jre\lib\ext\sunpkcs11.jar;C:\Program Files\Java\jdk1.8.0_191\jre\lib\ext\zipfs.jar;C:\Program Files\Java\jdk1.8.0_191\jre\lib\javaws.jar;C:\Program Files\Java\jdk1.8.0_191\jre\lib\jce.jar;C:\Program Files\Java\jdk1.8.0_191\jre\lib\jfr.jar;C:\Program Files\Java\jdk1.8.0_191\jre\lib\jfxswt.jar;C:\Program Files\Java\jdk1.8.0_191\jre\lib\jsse.jar;C:\Program Files\Java\jdk1.8.0_191\jre\lib\management-agent.jar;C:\Program Files\Java\jdk1.8.0_191\jre\lib\plugin.jar;C:\Program Files\Java\jdk1.8.0_191\jre\lib\resources.jar;C:\Program Files\Java\jdk1.8.0_191\jre\lib\rt.jar;C:\Users\behni\OneDrive\Documents\CompSci\Test1\out\production\desktop;C:\Users\behni\OneDrive\Documents\CompSci\Test1\out\production\core;C:\Users\behni\.gradle\caches\modules-2\files-2.1\com.badlogicgames.gdx\gdx-box2d\1.9.8\6f0497b7958216464101adfb7bdc3a0f7b88d6d3\gdx-box2d-1.9.8.jar;C:\Users\behni\.gradle\caches\modules-2\files-2.1\com.badlogicgames.gdx\gdx\1.9.8\a35a0076fbce873f9c2d5a1a1c8066244231bb3c\gdx-1.9.8.jar;C:\Users\behni\.gradle\caches\modules-2\files-2.1\com.badlogicgames.gdx\gdx-backend-lwjgl\1.9.8\b7c138f14ed67ad830ae7597da3d86ae02b20eee\gdx-backend-lwjgl-1.9.8.jar;C:\Users\behni\.gradle\caches\modules-2\files-2.1\com.badlo
Launcher Type: SUN_STANDARD

Environment Variables:
PATH=C:\Program Files (x86)\Common Files\Oracle\Java\javapath;C:\Program Files (x86)\Python36-32\Scripts\;C:\Program Files (x86)\Python36-32\;C:\ProgramData\Oracle\Java\javapath;C:\Program Files (x86)\Intel\iCLS Client\;C:\Program Files\Intel\iCLS Client\;C:\Windows\system32;C:\Windows;C:\Windows\System32\Wbem;C:\Windows\System32\WindowsPowerShell\v1.0\;C:\Program Files (x86)\Intel\Intel(R) Management Engine Components\DAL;C:\Program Files\Intel\Intel(R) Management Engine Components\DAL;C:\Program Files (x86)\Intel\Intel(R) Management Engine Components\IPT;C:\Program Files\Intel\Intel(R) Management Engine Components\IPT;C:\Program Files (x86)\NVIDIA Corporation\PhysX\Common;C:\WINDOWS\system32;C:\WINDOWS;C:\WINDOWS\System32\Wbem;C:\WINDOWS\System32\WindowsPowerShell\v1.0\;C:\WINDOWS\System32\OpenSSH\;C:\Users\behni\AppData\Local\Programs\Python\Python36-32;C:\Users\behni\AppData\Local\Programs\Python\Python37-32\Scripts\;C:\Users\behni\AppData\Local\Programs\Python\Python37-32\;C:\Users\behni\AppData\Local\Programs\Python\Python36-32;C:\Users\behni\AppData\Local\GitHubDesktop\bin;C:\Users\behni\AppData\Local\Microsoft\WindowsApps;
USERNAME=behni
OS=Windows_NT
PROCESSOR_IDENTIFIER=Intel64 Family 6 Model 142 Stepping 9, GenuineIntel



---------------  S Y S T E M  ---------------

OS: Windows 10.0 , 64 bit Build 17134 (10.0.17134.1)

CPU:total 4 (initial active 4) (2 cores per cpu, 2 threads per core) family 6 model 142 stepping 9, cmov, cx8, fxsr, mmx, sse, sse2, sse3, ssse3, sse4.1, sse4.2, popcnt, avx, avx2, aes, clmul, erms, 3dnowpref, lzcnt, ht, tsc, tscinvbit, bmi1, bmi2, adx

Memory: 4k page, physical 8253668k(2552596k free), swap 14282980k(5859448k free)

vm_info: Java HotSpot(TM) 64-Bit Server VM (25.191-b12) for windows-amd64 JRE (1.8.0_191-b12), built on Oct  6 2018 09:29:03 by "java_re" with MS VC++ 10.0 (VS2010)

time: Sat Feb 09 18:49:04 2019
elapsed time: 14 seconds (0d 0h 0m 14s)

