#
# A fatal error has been detected by the Java Runtime Environment:
#
#  EXCEPTION_ACCESS_VIOLATION (0xc0000005) at pc=0x00007ffdba69c1a7, pid=250496, tid=0x000000000003de90
#
# JRE version: Java(TM) SE Runtime Environment (8.0_191-b12) (build 1.8.0_191-b12)
# Java VM: Java HotSpot(TM) 64-Bit Server VM (25.191-b12 mixed mode windows-amd64 compressed oops)
# Problematic frame:
# C  [ntdll.dll+0x1c1a7]
#
# Failed to write core dump. Minidumps are not enabled by default on client versions of Windows
#
# If you would like to submit a bug report, please visit:
#   http://bugreport.java.com/bugreport/crash.jsp
# The crash happened outside the Java Virtual Machine in native code.
# See problematic frame for where to report the bug.
#

---------------  T H R E A D  ---------------

Current thread (0x00000000199df000):  JavaThread "LWJGL Application" [_thread_in_native, id=253584, stack(0x000000001a6e0000,0x000000001a7e0000)]

siginfo: ExceptionCode=0xc0000005, reading address 0x00000000feffffff

Registers:
RAX=0x00000000006e0016, RBX=0x0000000000e40000, RCX=0x0000000000001678, RDX=0x0000000000000016
RSP=0x000000001a7dda20, RBP=0x0000000000000000, RSI=0x000000001a351580, RDI=0x000000000000037f
R8 =0x00000000feffffff, R9 =0x000000000000001b, R10=0x000000000000000c, R11=0x00007ffdba798b40
R12=0x0000000000e40150, R13=0x0000000043480000, R14=0x000000001a351570, R15=0x0000000000e42470
RIP=0x00007ffdba69c1a7, EFLAGS=0x0000000000010212

Top of Stack: (sp=0x000000001a7dda20)
0x000000001a7dda20:   00000000d643d5a0 0000000000000001
0x000000001a7dda30:   00000000ffffffff 0000000002b7dc3c
0x000000001a7dda40:   000000c5da91a5b2 00000000d802d138
0x000000001a7dda50:   0000000100000001 0000000000000000
0x000000001a7dda60:   000000281714e088 0000000000000000
0x000000001a7dda70:   0000000000000000 000000000000024e
0x000000001a7dda80:   0000000000000001 00000000feffffff
0x000000001a7dda90:   0000000002560cf0 000000000000037f
0x000000001a7ddaa0:   0000000000000020 000000003ac9ec73
0x000000001a7ddab0:   000000001a351570 0000000000000020
0x000000001a7ddac0:   0000000000000010 000000000000024e
0x000000001a7ddad0:   000000001732b610 0000000000000002
0x000000001a7ddae0:   00000000d643d3c0 00000000d80103a0
0x000000001a7ddaf0:   00000000d643d368 00007ffd00000000
0x000000001a7ddb00:   00000000d643d3c0 00000000199f0540
0x000000001a7ddb10:   0000000000e42514 000123d1b2d6018f 

Instructions: (pc=0x00007ffdba69c1a7)
0x00007ffdba69c187:   0f b7 4e 08 0f b7 d1 66 c1 ea 08 49 3b cd 0f 82
0x00007ffdba69c197:   ef 17 00 00 4c 8b 2e 4d 8b 46 18 4c 89 44 24 68
0x00007ffdba69c1a7:   49 8b 00 4d 8b 4d 08 49 3b c1 0f 85 b0 17 00 00
0x00007ffdba69c1b7:   48 3b c6 0f 85 a7 17 00 00 48 29 8b c0 00 00 00 


Register to memory mapping:

RAX=0x00000000006e0016 is an unknown value
RBX=0x0000000000e40000 is an unknown value
RCX=0x0000000000001678 is an unknown value
RDX=0x0000000000000016 is an unknown value
RSP=0x000000001a7dda20 is pointing into the stack for thread: 0x00000000199df000
RBP=0x0000000000000000 is an unknown value
RSI=0x000000001a351580 is an unknown value
RDI=0x000000000000037f is an unknown value
R8 =0x00000000feffffff is an unallocated location in the heap
R9 =0x000000000000001b is an unknown value
R10=0x000000000000000c is an unknown value
R11=0x00007ffdba798b40 is an unknown value
R12=0x0000000000e40150 is an unknown value
R13=0x0000000043480000 is an unknown value
R14=0x000000001a351570 is an unknown value
R15=0x0000000000e42470 is an unknown value


Stack: [0x000000001a6e0000,0x000000001a7e0000],  sp=0x000000001a7dda20,  free space=1014k
Native frames: (J=compiled Java code, j=interpreted, Vv=VM code, C=native code)

Java frames: (J=compiled Java code, j=interpreted, Vv=VM code)
j  com.badlogic.gdx.graphics.g2d.Gdx2DPixmap.load([J[BII)Ljava/nio/ByteBuffer;+0
j  com.badlogic.gdx.graphics.g2d.Gdx2DPixmap.<init>([BIII)V+19
j  com.badlogic.gdx.graphics.Pixmap.<init>(Lcom/badlogic/gdx/files/FileHandle;)V+38
j  com.badlogic.gdx.graphics.TextureData$Factory.loadFromFile(Lcom/badlogic/gdx/files/FileHandle;Lcom/badlogic/gdx/graphics/Pixmap$Format;Z)Lcom/badlogic/gdx/graphics/TextureData;+99
j  com.badlogic.gdx.graphics.Texture.<init>(Lcom/badlogic/gdx/files/FileHandle;Lcom/badlogic/gdx/graphics/Pixmap$Format;Z)V+4
j  com.badlogic.gdx.graphics.Texture.<init>(Lcom/badlogic/gdx/files/FileHandle;)V+4
j  com.badlogic.gdx.graphics.Texture.<init>(Ljava/lang/String;)V+10
j  com.mygdx.game.Bullet.<init>(IFF)V+26
j  com.mygdx.game.Alien.shoot()Lcom/mygdx/game/Bullet;+47
j  com.mygdx.game.GameScreen.render(F)V+625
j  com.badlogic.gdx.Game.render()V+19
j  com.mygdx.game.SpaceInvaders.render()V+1
j  com.badlogic.gdx.backends.lwjgl.LwjglApplication.mainLoop()V+698
j  com.badlogic.gdx.backends.lwjgl.LwjglApplication$1.run()V+27
v  ~StubRoutines::call_stub

---------------  P R O C E S S  ---------------

Java Threads: ( => current thread )
  0x000000002117e000 JavaThread "LWJGL Timer" daemon [_thread_blocked, id=250616, stack(0x00000000220b0000,0x00000000221b0000)]
  0x00000000028d4800 JavaThread "DestroyJavaVM" [_thread_blocked, id=240584, stack(0x0000000002690000,0x0000000002790000)]
=>0x00000000199df000 JavaThread "LWJGL Application" [_thread_in_native, id=253584, stack(0x000000001a6e0000,0x000000001a7e0000)]
  0x0000000018c7f800 JavaThread "Service Thread" daemon [_thread_blocked, id=137908, stack(0x0000000019360000,0x0000000019460000)]
  0x0000000018c78800 JavaThread "C1 CompilerThread2" daemon [_thread_blocked, id=253200, stack(0x0000000019260000,0x0000000019360000)]
  0x0000000018c22800 JavaThread "C2 CompilerThread1" daemon [_thread_blocked, id=233816, stack(0x0000000019160000,0x0000000019260000)]
  0x0000000018c1a800 JavaThread "C2 CompilerThread0" daemon [_thread_blocked, id=250700, stack(0x0000000019060000,0x0000000019160000)]
  0x0000000018c17800 JavaThread "Monitor Ctrl-Break" daemon [_thread_in_native, id=253468, stack(0x0000000018f60000,0x0000000019060000)]
  0x00000000174fb800 JavaThread "Attach Listener" daemon [_thread_blocked, id=131688, stack(0x0000000018a50000,0x0000000018b50000)]
  0x00000000174fa000 JavaThread "Signal Dispatcher" daemon [_thread_blocked, id=253576, stack(0x0000000018950000,0x0000000018a50000)]
  0x00000000029cd000 JavaThread "Finalizer" daemon [_thread_blocked, id=250128, stack(0x0000000018750000,0x0000000018850000)]
  0x00000000029c4000 JavaThread "Reference Handler" daemon [_thread_blocked, id=252596, stack(0x0000000018650000,0x0000000018750000)]

Other Threads:
  0x00000000174b8000 VMThread [stack: 0x0000000018550000,0x0000000018650000] [id=248896]
  0x0000000018cd9000 WatcherThread [stack: 0x0000000019460000,0x0000000019560000] [id=253696]

VM state:not at safepoint (normal execution)

VM Mutex/Monitor currently owned by a thread: None

Heap:
 PSYoungGen      total 37888K, used 9095K [0x00000000d6000000, 0x00000000d8a00000, 0x0000000100000000)
  eden space 32768K, 14% used [0x00000000d6000000,0x00000000d64b1440,0x00000000d8000000)
  from space 5120K, 83% used [0x00000000d8000000,0x00000000d8430b00,0x00000000d8500000)
  to   space 5120K, 0% used [0x00000000d8500000,0x00000000d8500000,0x00000000d8a00000)
 ParOldGen       total 86016K, used 48K [0x0000000082000000, 0x0000000087400000, 0x00000000d6000000)
  object space 86016K, 0% used [0x0000000082000000,0x000000008200c010,0x0000000087400000)
 Metaspace       used 8840K, capacity 9007K, committed 9216K, reserved 1056768K
  class space    used 859K, capacity 924K, committed 1024K, reserved 1048576K

Card table byte_map: [0x0000000011d90000,0x0000000012190000] byte_map_base: 0x0000000011980000

Marking Bits: (ParMarkBitMap*) 0x0000000055593e30
 Begin Bits: [0x0000000012830000, 0x00000000147b0000)
 End Bits:   [0x00000000147b0000, 0x0000000016730000)

Polling page: 0x0000000000890000

CodeCache: size=245760Kb used=3941Kb max_used=3952Kb free=241818Kb
 bounds [0x00000000029d0000, 0x0000000002db0000, 0x00000000119d0000]
 total_blobs=1432 nmethods=953 adapters=392
 compilation: enabled

Compilation events (10 events):
Event: 3.046 Thread 0x0000000018c78800  949       3       java.lang.Integer::getChars (131 bytes)
Event: 3.046 Thread 0x0000000018c78800 nmethod 949 0x0000000002d9d0d0 code [0x0000000002d9d260, 0x0000000002d9d6d0]
Event: 3.061 Thread 0x0000000018c78800  950       3       java.nio.HeapByteBuffer::compact (52 bytes)
Event: 3.061 Thread 0x0000000018c78800 nmethod 950 0x0000000002da6590 code [0x0000000002da6740, 0x0000000002da6f88]
Event: 3.061 Thread 0x0000000018c78800  951       3       java.nio.Buffer::discardMark (6 bytes)
Event: 3.062 Thread 0x0000000018c78800 nmethod 951 0x0000000002d703d0 code [0x0000000002d70520, 0x0000000002d70670]
Event: 3.078 Thread 0x0000000018c78800  952       3       com.badlogic.gdx.utils.Pool::freeAll (94 bytes)
Event: 3.078 Thread 0x0000000018c78800 nmethod 952 0x0000000002da5650 code [0x0000000002da5840, 0x0000000002da6218]
Event: 3.111 Thread 0x0000000018c22800  953       4       java.util.Random::next (47 bytes)
Event: 3.112 Thread 0x0000000018c22800 nmethod 953 0x0000000002da5390 code [0x0000000002da54c0, 0x0000000002da5598]

GC Heap History (2 events):
Event: 2.514 GC heap before
{Heap before GC invocations=1 (full 0):
 PSYoungGen      total 37888K, used 32768K [0x00000000d6000000, 0x00000000d8a00000, 0x0000000100000000)
  eden space 32768K, 100% used [0x00000000d6000000,0x00000000d8000000,0x00000000d8000000)
  from space 5120K, 0% used [0x00000000d8500000,0x00000000d8500000,0x00000000d8a00000)
  to   space 5120K, 0% used [0x00000000d8000000,0x00000000d8000000,0x00000000d8500000)
 ParOldGen       total 86016K, used 0K [0x0000000082000000, 0x0000000087400000, 0x00000000d6000000)
  object space 86016K, 0% used [0x0000000082000000,0x0000000082000000,0x0000000087400000)
 Metaspace       used 8746K, capacity 8943K, committed 9216K, reserved 1056768K
  class space    used 857K, capacity 924K, committed 1024K, reserved 1048576K
Event: 2.520 GC heap after
Heap after GC invocations=1 (full 0):
 PSYoungGen      total 37888K, used 4290K [0x00000000d6000000, 0x00000000d8a00000, 0x0000000100000000)
  eden space 32768K, 0% used [0x00000000d6000000,0x00000000d6000000,0x00000000d8000000)
  from space 5120K, 83% used [0x00000000d8000000,0x00000000d8430b00,0x00000000d8500000)
  to   space 5120K, 0% used [0x00000000d8500000,0x00000000d8500000,0x00000000d8a00000)
 ParOldGen       total 86016K, used 48K [0x0000000082000000, 0x0000000087400000, 0x00000000d6000000)
  object space 86016K, 0% used [0x0000000082000000,0x000000008200c010,0x0000000087400000)
 Metaspace       used 8746K, capacity 8943K, committed 9216K, reserved 1056768K
  class space    used 857K, capacity 924K, committed 1024K, reserved 1048576K
}

Deoptimization events (2 events):
Event: 1.472 Thread 0x00000000199df000 Uncommon trap: reason=unstable_if action=reinterpret pc=0x0000000002c00968 method=java.util.StringTokenizer.skipDelimiters(I)I @ 29
Event: 1.762 Thread 0x00000000199df000 Uncommon trap: reason=unstable_if action=reinterpret pc=0x0000000002c803c8 method=javazoom.jl.decoder.BitReserve.hgetbits(I)I @ 22

Classes redefined (0 events):
No events

Internal exceptions (10 events):
Event: 0.304 Thread 0x00000000028d4800 Exception <a 'java/security/PrivilegedActionException'> (0x00000000d6453050) thrown at [C:\re\workspace\8-2-build-windows-amd64-cygwin\jdk8u191\11896\hotspot\src\share\vm\prims\jvm.cpp, line 1435]
Event: 0.304 Thread 0x00000000028d4800 Exception <a 'java/security/PrivilegedActionException'> (0x00000000d6453260) thrown at [C:\re\workspace\8-2-build-windows-amd64-cygwin\jdk8u191\11896\hotspot\src\share\vm\prims\jvm.cpp, line 1435]
Event: 0.709 Thread 0x00000000028d4800 Exception <a 'java/security/PrivilegedActionException'> (0x00000000d6612600) thrown at [C:\re\workspace\8-2-build-windows-amd64-cygwin\jdk8u191\11896\hotspot\src\share\vm\prims\jvm.cpp, line 1435]
Event: 0.709 Thread 0x00000000028d4800 Exception <a 'java/security/PrivilegedActionException'> (0x00000000d66142d8) thrown at [C:\re\workspace\8-2-build-windows-amd64-cygwin\jdk8u191\11896\hotspot\src\share\vm\prims\jvm.cpp, line 1435]
Event: 0.709 Thread 0x00000000028d4800 Exception <a 'java/security/PrivilegedActionException'> (0x00000000d6615448) thrown at [C:\re\workspace\8-2-build-windows-amd64-cygwin\jdk8u191\11896\hotspot\src\share\vm\prims\jvm.cpp, line 1435]
Event: 0.710 Thread 0x00000000028d4800 Exception <a 'java/security/PrivilegedActionException'> (0x00000000d661a988) thrown at [C:\re\workspace\8-2-build-windows-amd64-cygwin\jdk8u191\11896\hotspot\src\share\vm\prims\jvm.cpp, line 1435]
Event: 0.710 Thread 0x00000000028d4800 Exception <a 'java/security/PrivilegedActionException'> (0x00000000d661b5e0) thrown at [C:\re\workspace\8-2-build-windows-amd64-cygwin\jdk8u191\11896\hotspot\src\share\vm\prims\jvm.cpp, line 1435]
Event: 0.710 Thread 0x00000000028d4800 Exception <a 'java/security/PrivilegedActionException'> (0x00000000d661c208) thrown at [C:\re\workspace\8-2-build-windows-amd64-cygwin\jdk8u191\11896\hotspot\src\share\vm\prims\jvm.cpp, line 1435]
Event: 1.693 Thread 0x00000000199df000 Exception <a 'java/lang/NoSuchFieldError': method resolution failed> (0x00000000d7976ff0) thrown at [C:\re\workspace\8-2-build-windows-amd64-cygwin\jdk8u191\11896\hotspot\src\share\vm\prims\methodHandles.cpp, line 1167]
Event: 1.695 Thread 0x00000000199df000 Exception <a 'java/lang/NoSuchFieldError': method resolution failed> (0x00000000d7984f50) thrown at [C:\re\workspace\8-2-build-windows-amd64-cygwin\jdk8u191\11896\hotspot\src\share\vm\prims\methodHandles.cpp, line 1167]

Events (10 events):
Event: 2.625 Thread 0x00000000199df000 DEOPT PACKING pc=0x0000000002cc67c0 sp=0x000000001a7de970
Event: 2.625 Thread 0x00000000199df000 DEOPT UNPACKING pc=0x0000000002a17890 sp=0x000000001a7de638 mode 0
Event: 2.627 Thread 0x00000000199df000 DEOPT PACKING pc=0x0000000002cbec72 sp=0x000000001a7de930
Event: 2.627 Thread 0x00000000199df000 DEOPT UNPACKING pc=0x0000000002a17890 sp=0x000000001a7de660 mode 0
Event: 2.628 Thread 0x00000000199df000 DEOPT PACKING pc=0x0000000002cc67c0 sp=0x000000001a7de970
Event: 2.628 Thread 0x00000000199df000 DEOPT UNPACKING pc=0x0000000002a17890 sp=0x000000001a7de638 mode 0
Event: 2.629 loading class java/lang/Math$RandomNumberGeneratorHolder
Event: 2.629 loading class java/lang/Math$RandomNumberGeneratorHolder done
Event: 3.111 loading class com/mygdx/game/Bullet
Event: 3.111 loading class com/mygdx/game/Bullet done


Dynamic libraries:
0x00007ff6887f0000 - 0x00007ff688827000 	C:\Program Files\Java\jdk1.8.0_191\bin\java.exe
0x00007ffdba680000 - 0x00007ffdba861000 	C:\WINDOWS\SYSTEM32\ntdll.dll
0x00007ffdb83e0000 - 0x00007ffdb8492000 	C:\WINDOWS\System32\KERNEL32.DLL
0x00007ffdb76d0000 - 0x00007ffdb7943000 	C:\WINDOWS\System32\KERNELBASE.dll
0x00007ffdb7cf0000 - 0x00007ffdb7d91000 	C:\WINDOWS\System32\ADVAPI32.dll
0x00007ffdb86c0000 - 0x00007ffdb875e000 	C:\WINDOWS\System32\msvcrt.dll
0x00007ffdb8050000 - 0x00007ffdb80ab000 	C:\WINDOWS\System32\sechost.dll
0x00007ffdb7b10000 - 0x00007ffdb7c34000 	C:\WINDOWS\System32\RPCRT4.dll
0x00007ffdba1b0000 - 0x00007ffdba340000 	C:\WINDOWS\System32\USER32.dll
0x00007ffdb7a50000 - 0x00007ffdb7a70000 	C:\WINDOWS\System32\win32u.dll
0x00007ffdb8690000 - 0x00007ffdb86b8000 	C:\WINDOWS\System32\GDI32.dll
0x00007ffdb7160000 - 0x00007ffdb72f2000 	C:\WINDOWS\System32\gdi32full.dll
0x00007ffdb7a70000 - 0x00007ffdb7b0f000 	C:\WINDOWS\System32\msvcp_win.dll
0x00007ffdb7950000 - 0x00007ffdb7a4a000 	C:\WINDOWS\System32\ucrtbase.dll
0x00007ffd9fdf0000 - 0x00007ffda0059000 	C:\WINDOWS\WinSxS\amd64_microsoft.windows.common-controls_6595b64144ccf1df_6.0.17134.523_none_fb409dd930672a56\COMCTL32.dll
0x00007ffdb80b0000 - 0x00007ffdb83d2000 	C:\WINDOWS\System32\combase.dll
0x00007ffdb7650000 - 0x00007ffdb76ca000 	C:\WINDOWS\System32\bcryptPrimitives.dll
0x00007ffdb8660000 - 0x00007ffdb868d000 	C:\WINDOWS\System32\IMM32.DLL
0x0000000056030000 - 0x0000000056102000 	C:\Program Files\Java\jdk1.8.0_191\jre\bin\msvcr100.dll
0x0000000054d70000 - 0x0000000055614000 	C:\Program Files\Java\jdk1.8.0_191\jre\bin\server\jvm.dll
0x00007ffdb88a0000 - 0x00007ffdb88a8000 	C:\WINDOWS\System32\PSAPI.DLL
0x00007ffdb3000000 - 0x00007ffdb3009000 	C:\WINDOWS\SYSTEM32\WSOCK32.dll
0x00007ffdba140000 - 0x00007ffdba1ac000 	C:\WINDOWS\System32\WS2_32.dll
0x00007ffdb2fa0000 - 0x00007ffdb2fc3000 	C:\WINDOWS\SYSTEM32\WINMM.dll
0x00007ffdacc40000 - 0x00007ffdacc4a000 	C:\WINDOWS\SYSTEM32\VERSION.dll
0x00007ffdb2f70000 - 0x00007ffdb2f9a000 	C:\WINDOWS\SYSTEM32\WINMMBASE.dll
0x00007ffdb7300000 - 0x00007ffdb7349000 	C:\WINDOWS\System32\cfgmgr32.dll
0x0000000057f30000 - 0x0000000057f3f000 	C:\Program Files\Java\jdk1.8.0_191\jre\bin\verify.dll
0x0000000057f00000 - 0x0000000057f29000 	C:\Program Files\Java\jdk1.8.0_191\jre\bin\java.dll
0x0000000057eb0000 - 0x0000000057ed3000 	C:\Program Files\Java\jdk1.8.0_191\jre\bin\instrument.dll
0x0000000057ee0000 - 0x0000000057ef6000 	C:\Program Files\Java\jdk1.8.0_191\jre\bin\zip.dll
0x00007ffdb88b0000 - 0x00007ffdb9cf0000 	C:\WINDOWS\System32\SHELL32.dll
0x00007ffdb7e00000 - 0x00007ffdb7ea9000 	C:\WINDOWS\System32\shcore.dll
0x00007ffdb6a50000 - 0x00007ffdb715d000 	C:\WINDOWS\System32\windows.storage.dll
0x00007ffdb7da0000 - 0x00007ffdb7df1000 	C:\WINDOWS\System32\shlwapi.dll
0x00007ffdb6a10000 - 0x00007ffdb6a21000 	C:\WINDOWS\System32\kernel.appcore.dll
0x00007ffdb69f0000 - 0x00007ffdb6a0f000 	C:\WINDOWS\System32\profapi.dll
0x00007ffdb6990000 - 0x00007ffdb69dc000 	C:\WINDOWS\System32\powrprof.dll
0x00007ffdb69e0000 - 0x00007ffdb69ea000 	C:\WINDOWS\System32\FLTLIB.DLL
0x00007ffd99040000 - 0x00007ffd9905a000 	C:\Users\behni\AppData\Roaming\JetBrains\IntelliJ IDEA 2018.1.5\bin\breakgen64.dll
0x0000000056010000 - 0x000000005602a000 	C:\Program Files\Java\jdk1.8.0_191\jre\bin\net.dll
0x00007ffdb6210000 - 0x00007ffdb6276000 	C:\WINDOWS\system32\mswsock.dll
0x0000000065580000 - 0x0000000065616000 	C:\Users\behni\AppData\Local\Temp\libgdxbehni\12dfaa03\gdx64.dll
0x00007ffdb63c0000 - 0x00007ffdb63d7000 	C:\WINDOWS\SYSTEM32\CRYPTSP.dll
0x00007ffdb5df0000 - 0x00007ffdb5e23000 	C:\WINDOWS\system32\rsaenh.dll
0x00007ffdb64f0000 - 0x00007ffdb6515000 	C:\WINDOWS\SYSTEM32\bcrypt.dll
0x00007ffdb6890000 - 0x00007ffdb68b8000 	C:\WINDOWS\SYSTEM32\USERENV.dll
0x00007ffdb63e0000 - 0x00007ffdb63eb000 	C:\WINDOWS\SYSTEM32\CRYPTBASE.dll
0x00007ffdb5f90000 - 0x00007ffdb5fc8000 	C:\WINDOWS\SYSTEM32\IPHLPAPI.DLL
0x00007ffdba4a0000 - 0x00007ffdba4a8000 	C:\WINDOWS\System32\NSI.dll
0x00007ffdadba0000 - 0x00007ffdadbb6000 	C:\WINDOWS\SYSTEM32\dhcpcsvc6.DLL
0x00007ffdadb50000 - 0x00007ffdadb6a000 	C:\WINDOWS\SYSTEM32\dhcpcsvc.DLL
0x0000000055ff0000 - 0x0000000056001000 	C:\Program Files\Java\jdk1.8.0_191\jre\bin\nio.dll
0x0000000180000000 - 0x0000000180053000 	C:\Users\behni\AppData\Local\Temp\libgdxbehni\dc0f0009\lwjgl64.dll
0x00007ffd9fae0000 - 0x00007ffd9fc00000 	C:\WINDOWS\SYSTEM32\OPENGL32.dll
0x00007ffda03a0000 - 0x00007ffda03cc000 	C:\WINDOWS\SYSTEM32\GLU32.dll
0x000000001a0c0000 - 0x000000001a124000 	C:\Users\behni\AppData\Local\Temp\libgdxbehni\dc0f0009\OpenAL64.dll
0x00007ffdba340000 - 0x00007ffdba491000 	C:\WINDOWS\System32\ole32.dll
0x00007ffdb4e00000 - 0x00007ffdb4e98000 	C:\WINDOWS\system32\uxtheme.dll
0x00007ffdb7c40000 - 0x00007ffdb7ce0000 	C:\WINDOWS\System32\clbcatq.dll
0x00007ffdb2770000 - 0x00007ffdb2924000 	C:\WINDOWS\System32\PROPSYS.dll
0x00007ffdb8590000 - 0x00007ffdb8652000 	C:\WINDOWS\System32\OLEAUT32.dll
0x00007ffd866a0000 - 0x00007ffd8672f000 	C:\WINDOWS\SYSTEM32\dsound.dll
0x00007ffdaf010000 - 0x00007ffdaf086000 	C:\WINDOWS\System32\MMDevApi.dll
0x00007ffdb67a0000 - 0x00007ffdb67c7000 	C:\WINDOWS\System32\DEVOBJ.dll
0x00007ffd9f830000 - 0x00007ffd9f95c000 	C:\WINDOWS\SYSTEM32\AUDIOSES.DLL
0x00007ffdb3090000 - 0x00007ffdb31dd000 	C:\WINDOWS\SYSTEM32\wintypes.dll
0x00007ffdb25d0000 - 0x00007ffdb25da000 	C:\WINDOWS\SYSTEM32\AVRT.dll
0x00007ffdb7ed0000 - 0x00007ffdb8043000 	C:\WINDOWS\System32\MSCTF.dll
0x00007ffdb50e0000 - 0x00007ffdb5109000 	C:\WINDOWS\system32\dwmapi.dll
0x00007ffda14c0000 - 0x00007ffda1556000 	C:\WINDOWS\System32\TextInputFramework.dll
0x00007ffdb4790000 - 0x00007ffdb486a000 	C:\WINDOWS\System32\CoreMessaging.dll
0x00007ffdb17a0000 - 0x00007ffdb1abe000 	C:\WINDOWS\System32\CoreUIComponents.dll
0x00007ffdb5a60000 - 0x00007ffdb5a91000 	C:\WINDOWS\SYSTEM32\ntmarta.dll
0x00007ffd60f80000 - 0x00007ffd61cc9000 	C:\WINDOWS\System32\DriverStore\FileRepository\igdlh64.inf_amd64_82119d956c80af5a\ig9icd64.dll
0x00007ffdb2930000 - 0x00007ffdb2943000 	C:\WINDOWS\SYSTEM32\WTSAPI32.dll
0x00007ffda2ce0000 - 0x00007ffda2d88000 	C:\WINDOWS\SYSTEM32\mscms.dll
0x00007ffd97b90000 - 0x00007ffd97ba0000 	C:\WINDOWS\SYSTEM32\ColorAdapterClient.dll
0x00007ffd8c000000 - 0x00007ffd8c043000 	C:\WINDOWS\SYSTEM32\icm32.dll
0x00007ffdadcc0000 - 0x00007ffdaee1c000 	C:\WINDOWS\System32\DriverStore\FileRepository\igdlh64.inf_amd64_82119d956c80af5a\igc64.dll
0x00007ffdb5730000 - 0x00007ffdb57eb000 	C:\WINDOWS\SYSTEM32\dxgi.dll
0x00007ffdb3d10000 - 0x00007ffdb401b000 	C:\WINDOWS\SYSTEM32\d3d11.dll
0x00007ffdaf870000 - 0x00007ffdb0d1b000 	C:\WINDOWS\System32\DriverStore\FileRepository\igdlh64.inf_amd64_82119d956c80af5a\igd10iumd64.dll
0x00007ffdb64c0000 - 0x00007ffdb64e6000 	C:\WINDOWS\SYSTEM32\ncrypt.dll
0x00007ffdb6480000 - 0x00007ffdb64b6000 	C:\WINDOWS\SYSTEM32\NTASN1.dll
0x00007ffd9eaa0000 - 0x00007ffd9ec69000 	C:\WINDOWS\SYSTEM32\dbghelp.dll

VM Arguments:
jvm_args: -javaagent:C:\Users\behni\AppData\Roaming\JetBrains\IntelliJ IDEA 2018.1.5\lib\idea_rt.jar=58718:C:\Users\behni\AppData\Roaming\JetBrains\IntelliJ IDEA 2018.1.5\bin -Dfile.encoding=UTF-8 
java_command: com.mygdx.game.desktop.DesktopLauncher
java_class_path (initial): C:\Program Files\Java\jdk1.8.0_191\jre\lib\charsets.jar;C:\Program Files\Java\jdk1.8.0_191\jre\lib\deploy.jar;C:\Program Files\Java\jdk1.8.0_191\jre\lib\ext\access-bridge-64.jar;C:\Program Files\Java\jdk1.8.0_191\jre\lib\ext\cldrdata.jar;C:\Program Files\Java\jdk1.8.0_191\jre\lib\ext\dnsns.jar;C:\Program Files\Java\jdk1.8.0_191\jre\lib\ext\jaccess.jar;C:\Program Files\Java\jdk1.8.0_191\jre\lib\ext\jfxrt.jar;C:\Program Files\Java\jdk1.8.0_191\jre\lib\ext\localedata.jar;C:\Program Files\Java\jdk1.8.0_191\jre\lib\ext\nashorn.jar;C:\Program Files\Java\jdk1.8.0_191\jre\lib\ext\sunec.jar;C:\Program Files\Java\jdk1.8.0_191\jre\lib\ext\sunjce_provider.jar;C:\Program Files\Java\jdk1.8.0_191\jre\lib\ext\sunmscapi.jar;C:\Program Files\Java\jdk1.8.0_191\jre\lib\ext\sunpkcs11.jar;C:\Program Files\Java\jdk1.8.0_191\jre\lib\ext\zipfs.jar;C:\Program Files\Java\jdk1.8.0_191\jre\lib\javaws.jar;C:\Program Files\Java\jdk1.8.0_191\jre\lib\jce.jar;C:\Program Files\Java\jdk1.8.0_191\jre\lib\jfr.jar;C:\Program Files\Java\jdk1.8.0_191\jre\lib\jfxswt.jar;C:\Program Files\Java\jdk1.8.0_191\jre\lib\jsse.jar;C:\Program Files\Java\jdk1.8.0_191\jre\lib\management-agent.jar;C:\Program Files\Java\jdk1.8.0_191\jre\lib\plugin.jar;C:\Program Files\Java\jdk1.8.0_191\jre\lib\resources.jar;C:\Program Files\Java\jdk1.8.0_191\jre\lib\rt.jar;C:\Users\behni\OneDrive\Documents\CompSci\Test1\out\production\desktop;C:\Users\behni\OneDrive\Documents\CompSci\Test1\out\production\core;C:\Users\behni\.gradle\caches\modules-2\files-2.1\com.badlogicgames.gdx\gdx-box2d\1.9.8\6f0497b7958216464101adfb7bdc3a0f7b88d6d3\gdx-box2d-1.9.8.jar;C:\Users\behni\.gradle\caches\modules-2\files-2.1\com.badlogicgames.gdx\gdx\1.9.8\a35a0076fbce873f9c2d5a1a1c8066244231bb3c\gdx-1.9.8.jar;C:\Users\behni\.gradle\caches\modules-2\files-2.1\com.badlogicgames.gdx\gdx-backend-lwjgl\1.9.8\b7c138f14ed67ad830ae7597da3d86ae02b20eee\gdx-backend-lwjgl-1.9.8.jar;C:\Users\behni\.gradle\caches\modules-2\files-2.1\com.badlo
Launcher Type: SUN_STANDARD

Environment Variables:
PATH=C:\Program Files (x86)\Common Files\Oracle\Java\javapath;C:\Program Files (x86)\Python36-32\Scripts\;C:\Program Files (x86)\Python36-32\;C:\ProgramData\Oracle\Java\javapath;C:\Program Files (x86)\Intel\iCLS Client\;C:\Program Files\Intel\iCLS Client\;C:\Windows\system32;C:\Windows;C:\Windows\System32\Wbem;C:\Windows\System32\WindowsPowerShell\v1.0\;C:\Program Files (x86)\Intel\Intel(R) Management Engine Components\DAL;C:\Program Files\Intel\Intel(R) Management Engine Components\DAL;C:\Program Files (x86)\Intel\Intel(R) Management Engine Components\IPT;C:\Program Files\Intel\Intel(R) Management Engine Components\IPT;C:\Program Files (x86)\NVIDIA Corporation\PhysX\Common;C:\WINDOWS\system32;C:\WINDOWS;C:\WINDOWS\System32\Wbem;C:\WINDOWS\System32\WindowsPowerShell\v1.0\;C:\WINDOWS\System32\OpenSSH\;C:\Users\behni\AppData\Local\Programs\Python\Python36-32;C:\Users\behni\AppData\Local\Programs\Python\Python37-32\Scripts\;C:\Users\behni\AppData\Local\Programs\Python\Python37-32\;C:\Users\behni\AppData\Local\Programs\Python\Python36-32;C:\Users\behni\AppData\Local\GitHubDesktop\bin;C:\Users\behni\AppData\Local\Microsoft\WindowsApps;
USERNAME=behni
OS=Windows_NT
PROCESSOR_IDENTIFIER=Intel64 Family 6 Model 142 Stepping 9, GenuineIntel



---------------  S Y S T E M  ---------------

OS: Windows 10.0 , 64 bit Build 17134 (10.0.17134.1)

CPU:total 4 (initial active 4) (2 cores per cpu, 2 threads per core) family 6 model 142 stepping 9, cmov, cx8, fxsr, mmx, sse, sse2, sse3, ssse3, sse4.1, sse4.2, popcnt, avx, avx2, aes, clmul, erms, 3dnowpref, lzcnt, ht, tsc, tscinvbit, bmi1, bmi2, adx

Memory: 4k page, physical 8253668k(2580512k free), swap 14282980k(5850772k free)

vm_info: Java HotSpot(TM) 64-Bit Server VM (25.191-b12) for windows-amd64 JRE (1.8.0_191-b12), built on Oct  6 2018 09:29:03 by "java_re" with MS VC++ 10.0 (VS2010)

time: Sat Feb 09 18:49:27 2019
elapsed time: 3 seconds (0d 0h 0m 3s)

